<?xml version="1.0" encoding="UTF-8" ?>
<testsuite tests="6" failures="5" name="TestSuite" time="0.992" errors="0" skipped="0">
  <properties>
[...]
</properties>
  <testcase classname="com.crm.qa.testcases.MyRetryTest" name="test1" time="0.234">
    <failure message="expected [true] but found [false]" type="java.lang.AssertionError">java.lang.AssertionError: expected [true] but found [false]
	at org.testng.Assert.fail(Assert.java:96)
	at org.testng.Assert.failNotEquals(Assert.java:776)
	at org.testng.Assert.assertEqualsImpl(Assert.java:137)
	at org.testng.Assert.assertEquals(Assert.java:118)
	at org.testng.Assert.assertEquals(Assert.java:568)
	at org.testng.Assert.assertEquals(Assert.java:578)
	at com.crm.qa.testcases.MyRetryTest.test1(MyRetryTest.java:38)
</failure>
    <system-out>Configuring TestNG with: org.apache.maven.surefire.testng.conf.TestNG652Configurator@e6ea0c6
Test1 failed
Failed Test
</system-out>
    <system-err>1537949723138	geckodriver	INFO	geckodriver 0.19.1
1537949723146	geckodriver	INFO	Listening on 127.0.0.1:18244
1537949723881	mozrunner::runner	INFO	Running command: &quot;C:\\Program Files\\Mozilla Firefox\\firefox.exe&quot; &quot;-marionette&quot; &quot;-profile&quot; &quot;C:\\Users\\Vishal\\AppData\\Local\\Temp\\rust_mozprofile.uR1znz4SFR6b&quot;
1537949729915	Marionette	INFO	Listening on port 58071
1537949730446	Marionette	WARN	TLS certificate errors will be ignored for this session
Sep 26, 2018 1:45:30 PM org.openqa.selenium.remote.ProtocolHandshake createSession
INFO: Detected dialect: W3C
</system-err>
  </testcase>
  <testcase classname="com.crm.qa.testcases.MyRetryTest" name="test2" time="0.145">
    <failure message="expected [true] but found [false]" type="java.lang.AssertionError">java.lang.AssertionError: expected [true] but found [false]
	at org.testng.Assert.fail(Assert.java:96)
	at org.testng.Assert.failNotEquals(Assert.java:776)
	at org.testng.Assert.assertEqualsImpl(Assert.java:137)
	at org.testng.Assert.assertEquals(Assert.java:118)
	at org.testng.Assert.assertEquals(Assert.java:568)
	at org.testng.Assert.assertEquals(Assert.java:578)
	at com.crm.qa.testcases.MyRetryTest.test2(MyRetryTest.java:44)
</failure>
    <system-out>Test2 failed
Failed Test
</system-out>
    <system-err>1537949739328	geckodriver	INFO	geckodriver 0.19.1
1537949739338	geckodriver	INFO	Listening on 127.0.0.1:46403
1537949739820	mozrunner::runner	INFO	Running command: &quot;C:\\Program Files\\Mozilla Firefox\\firefox.exe&quot; &quot;-marionette&quot; &quot;-profile&quot; &quot;C:\\Users\\Vishal\\AppData\\Local\\Temp\\rust_mozprofile.egcxVX6tbXfF&quot;
1537949743785	Marionette	INFO	Listening on port 58152
1537949743945	Marionette	WARN	TLS certificate errors will be ignored for this session
Sep 26, 2018 1:45:44 PM org.openqa.selenium.remote.ProtocolHandshake createSession
INFO: Detected dialect: W3C
</system-err>
  </testcase>
  <testcase classname="com.crm.qa.testcases.ScreenShotTest" name="takeScreenShotTest1" time="0.153">
    <failure message="expected [false] but found [true]" type="java.lang.AssertionError">java.lang.AssertionError: expected [false] but found [true]
	at org.testng.Assert.fail(Assert.java:96)
	at org.testng.Assert.failNotEquals(Assert.java:776)
	at org.testng.Assert.assertEqualsImpl(Assert.java:137)
	at org.testng.Assert.assertEquals(Assert.java:118)
	at org.testng.Assert.assertEquals(Assert.java:568)
	at org.testng.Assert.assertEquals(Assert.java:578)
	at com.crm.qa.testcases.ScreenShotTest.takeScreenShotTest1(ScreenShotTest.java:31)
</failure>
    <system-out>Failed Test
</system-out>
    <system-err>Unable to read VR Path Registry from C:\Users\Vishal\AppData\Local\openvr\openvrpaths.vrpath
[Child 2208, Chrome_ChildThread] WARNING: pipe error: 109: file z:/build/build/src/ipc/chromium/src/chrome/common/ipc_channel_win.cc, line 346
1537949752545	geckodriver	INFO	geckodriver 0.19.1
1537949752554	geckodriver	INFO	Listening on 127.0.0.1:1290
1537949753107	mozrunner::runner	INFO	Running command: &quot;C:\\Program Files\\Mozilla Firefox\\firefox.exe&quot; &quot;-marionette&quot; &quot;-profile&quot; &quot;C:\\Users\\Vishal\\AppData\\Local\\Temp\\rust_mozprofile.NpWXjDVMPyEf&quot;
1537949757150	Marionette	INFO	Listening on port 58225
1537949757238	Marionette	WARN	TLS certificate errors will be ignored for this session
Sep 26, 2018 1:45:57 PM org.openqa.selenium.remote.ProtocolHandshake createSession
INFO: Detected dialect: W3C
</system-err>
  </testcase>
  <testcase classname="com.crm.qa.testcases.ScreenShotTest" name="takeScreenShotTest2" time="0.177">
    <failure message="expected [false] but found [true]" type="java.lang.AssertionError">java.lang.AssertionError: expected [false] but found [true]
	at org.testng.Assert.fail(Assert.java:96)
	at org.testng.Assert.failNotEquals(Assert.java:776)
	at org.testng.Assert.assertEqualsImpl(Assert.java:137)
	at org.testng.Assert.assertEquals(Assert.java:118)
	at org.testng.Assert.assertEquals(Assert.java:568)
	at org.testng.Assert.assertEquals(Assert.java:578)
	at com.crm.qa.testcases.ScreenShotTest.takeScreenShotTest2(ScreenShotTest.java:38)
</failure>
    <system-out>Failed Test
</system-out>
    <system-err>Unable to read VR Path Registry from C:\Users\Vishal\AppData\Local\openvr\openvrpaths.vrpath
[Child 8356, Chrome_ChildThread] WARNING: pipe error: 109: file z:/build/build/src/ipc/chromium/src/chrome/common/ipc_channel_win.cc, line 346
[Child 8356, Chrome_ChildThread] WARNING: pipe error: 109: file z:/build/build/src/ipc/chromium/src/chrome/common/ipc_channel_win.cc, line 346
1537949765898	geckodriver	INFO	geckodriver 0.19.1
1537949765908	geckodriver	INFO	Listening on 127.0.0.1:39589
1537949766454	mozrunner::runner	INFO	Running command: &quot;C:\\Program Files\\Mozilla Firefox\\firefox.exe&quot; &quot;-marionette&quot; &quot;-profile&quot; &quot;C:\\Users\\Vishal\\AppData\\Local\\Temp\\rust_mozprofile.WNIh8dKbAALT&quot;
1537949770418	Marionette	INFO	Listening on port 58301
1537949770614	Marionette	WARN	TLS certificate errors will be ignored for this session
Sep 26, 2018 1:46:10 PM org.openqa.selenium.remote.ProtocolHandshake createSession
INFO: Detected dialect: W3C
</system-err>
  </testcase>
  <testcase classname="com.crm.qa.testcases.ScreenShotTest" name="takeScreenShotTest3" time="0.257">
    <failure message="expected [false] but found [true]" type="java.lang.AssertionError">java.lang.AssertionError: expected [false] but found [true]
	at org.testng.Assert.fail(Assert.java:96)
	at org.testng.Assert.failNotEquals(Assert.java:776)
	at org.testng.Assert.assertEqualsImpl(Assert.java:137)
	at org.testng.Assert.assertEquals(Assert.java:118)
	at org.testng.Assert.assertEquals(Assert.java:568)
	at org.testng.Assert.assertEquals(Assert.java:578)
	at com.crm.qa.testcases.ScreenShotTest.takeScreenShotTest3(ScreenShotTest.java:45)
</failure>
    <system-out>Failed Test
</system-out>
    <system-err>Unable to read VR Path Registry from C:\Users\Vishal\AppData\Local\openvr\openvrpaths.vrpath
[Child 7864, Chrome_ChildThread] WARNING: pipe error: 109: file z:/build/build/src/ipc/chromium/src/chrome/common/ipc_channel_win.cc, line 346
[Child 7864, Chrome_ChildThread] WARNING: pipe error: 109: file z:/build/build/src/ipc/chromium/src/chrome/common/ipc_channel_win.cc, line 346
Unable to read VR Path Registry from C:\Users\Vishal\AppData\Local\openvr\openvrpaths.vrpath
[Child 7556, Chrome_ChildThread] WARNING: pipe error: 109: file z:/build/build/src/ipc/chromium/src/chrome/common/ipc_channel_win.cc, line 346
[Child 7556, Chrome_ChildThread] WARNING: pipe error: 109: file z:/build/build/src/ipc/chromium/src/chrome/common/ipc_channel_win.cc, line 346
1537949780058	geckodriver	INFO	geckodriver 0.19.1
1537949780066	geckodriver	INFO	Listening on 127.0.0.1:26736
1537949780593	mozrunner::runner	INFO	Running command: &quot;C:\\Program Files\\Mozilla Firefox\\firefox.exe&quot; &quot;-marionette&quot; &quot;-profile&quot; &quot;C:\\Users\\Vishal\\AppData\\Local\\Temp\\rust_mozprofile.4Nr5sv42TCbJ&quot;
1537949784648	Marionette	INFO	Listening on port 58374
1537949784798	Marionette	WARN	TLS certificate errors will be ignored for this session
Sep 26, 2018 1:46:24 PM org.openqa.selenium.remote.ProtocolHandshake createSession
INFO: Detected dialect: W3C
</system-err>
  </testcase>
  <testcase classname="com.crm.qa.testcases.HomePageTest" name="verifyHomePageTitleTest" time="0.026"/>
</testsuite>