<?xml version="1.0" encoding="UTF-8"?>
<!-- Generated by org.testng.reporters.JUnitXMLReporter -->
<testsuite hostname="Vishal-PC" ignored="0" name="Command line test" tests="6" failures="5" timestamp="26 Sep 2018 08:17:12 GMT" time="111.909" errors="0">
  <testcase name="test1" time="0.004" classname="com.crm.qa.testcases.MyRetryTest">
    <failure type="java.lang.AssertionError" message="expected [true] but found [false]">
      <![CDATA[java.lang.AssertionError: expected [true] but found [false]
at com.crm.qa.testcases.MyRetryTest.test1(MyRetryTest.java:38)
... Removed 41 stack frames]]>
    </failure>
  </testcase> <!-- test1 -->
  <testcase name="test2" time="0.001" classname="com.crm.qa.testcases.MyRetryTest">
    <failure type="java.lang.AssertionError" message="expected [true] but found [false]">
      <![CDATA[java.lang.AssertionError: expected [true] but found [false]
at com.crm.qa.testcases.MyRetryTest.test2(MyRetryTest.java:44)
... Removed 41 stack frames]]>
    </failure>
  </testcase> <!-- test2 -->
  <testcase name="takeScreenShotTest1" time="0.0" classname="com.crm.qa.testcases.ScreenShotTest">
    <failure type="java.lang.AssertionError" message="expected [false] but found [true]">
      <![CDATA[java.lang.AssertionError: expected [false] but found [true]
at com.crm.qa.testcases.ScreenShotTest.takeScreenShotTest1(ScreenShotTest.java:31)
... Removed 41 stack frames]]>
    </failure>
  </testcase> <!-- takeScreenShotTest1 -->
  <testcase name="takeScreenShotTest2" time="0.0" classname="com.crm.qa.testcases.ScreenShotTest">
    <failure type="java.lang.AssertionError" message="expected [false] but found [true]">
      <![CDATA[java.lang.AssertionError: expected [false] but found [true]
at com.crm.qa.testcases.ScreenShotTest.takeScreenShotTest2(ScreenShotTest.java:38)
... Removed 41 stack frames]]>
    </failure>
  </testcase> <!-- takeScreenShotTest2 -->
  <testcase name="takeScreenShotTest3" time="0.001" classname="com.crm.qa.testcases.ScreenShotTest">
    <failure type="java.lang.AssertionError" message="expected [false] but found [true]">
      <![CDATA[java.lang.AssertionError: expected [false] but found [true]
at com.crm.qa.testcases.ScreenShotTest.takeScreenShotTest3(ScreenShotTest.java:45)
... Removed 41 stack frames]]>
    </failure>
  </testcase> <!-- takeScreenShotTest3 -->
  <testcase name="verifyHomePageTitleTest" time="0.015" classname="com.crm.qa.testcases.HomePageTest"/>
</testsuite> <!-- Command line test -->
